Loading model …

--- Full template (with post-instruction tokens) ---
  Refusal rate: 50/50 = 100.0%

--- Truncated template (WITHOUT post-instruction tokens) ---
  Refusal rate: 46/50 = 92.0%

=== Table 1 ===
  Template                                    Refusal Rate
  --------------------------------------------------------
  Full (with post-inst tokens)                      100.0%
  Truncated (without post-inst tokens)               92.0%

  Paper prediction: full > truncated (removing post-inst tokens weakens refusal)

Saved to results/table1.json
============ Job Information ===================================================
Submitted: 2026-07-02T09:08:27
Started: 2026-07-02T09:08:29
Ended: 2026-07-02T09:11:48
Elapsed: 4 min, Limit: 240 min, Difference: 236 min
CPUs: 8, Nodes: 1
Estimated credit Consumption: 10.00 core-hours
================================================================================
