=== which python ===
/user/m.lopezdeipinamuno/u27880/ai_safety_project/venv/bin/python
=== python / torch / gpu / transformers ===
interpreter: /user/m.lopezdeipinamuno/u27880/ai_safety_project/venv/bin/python
torch: 2.6.0+cu124
cuda available: True
device count: 1
device name: NVIDIA A100-SXM4-80GB
transformers: 4.57.6
=== HF env ===
HF_HOME=/projects/extern/kisski/kisski-asc2026/dir.project/hf_cache
HF_HUB_OFFLINE=1
note: HF_TOKEN empty (fine if HF_HUB_OFFLINE=1 and models pre-downloaded)
=== smoke test complete ===
============ Job Information ===================================================
Submitted: 2026-07-01T17:04:27
Started: 2026-07-01T17:11:34
Ended: 2026-07-01T17:12:09
Elapsed: 1 min, Limit: 15 min, Difference: 14 min
CPUs: 8, Nodes: 1
Estimated credit Consumption: 2.50 core-hours
================================================================================
